<?xml version="1.0" encoding="UTF-8"?>
<!-- Generated by org.testng.reporters.JUnitXMLReporter -->
<testsuite hostname="DESKTOP-ACV19GE" name="Command line test" tests="5" failures="1" timestamp="19 Nov 2018 14:41:38 GMT" time="13.975" errors="0">
  <testcase name="openbrowser" time="12.96" classname="testNG.NewTest"/>
  <testcase name="readexcellfile" time="0.002" classname="testNG.NewTest">
    <failure type="java.lang.NoClassDefFoundError" message="org/apache/poi/xssf/usermodel/XSSFWorkbook">
      <![CDATA[java.lang.NoClassDefFoundError: org/apache/poi/xssf/usermodel/XSSFWorkbook
	at testNG.NewTest.readexcellfile(NewTest.java:206)
	at org.apache.maven.surefire.testng.TestNGExecutor.run(TestNGExecutor.java:77)
	at org.apache.maven.surefire.testng.TestNGDirectoryTestSuite.execute(TestNGDirectoryTestSuite.java:110)
	at org.apache.maven.surefire.testng.TestNGProvider.invoke(TestNGProvider.java:106)
	at org.apache.maven.surefire.util.ReflectionUtils.invokeMethodWithArray(ReflectionUtils.java:189)
	at org.apache.maven.surefire.booter.ProviderFactory$ProviderProxy.invoke(ProviderFactory.java:165)
	at org.apache.maven.surefire.booter.ProviderFactory.invokeProvider(ProviderFactory.java:85)
	at org.apache.maven.surefire.booter.ForkedBooter.runSuitesInProcess(ForkedBooter.java:115)
	at org.apache.maven.surefire.booter.ForkedBooter.main(ForkedBooter.java:75)
Caused by: java.lang.ClassNotFoundException: org.apache.poi.xssf.usermodel.XSSFWorkbook
	at java.net.URLClassLoader.findClass(Unknown Source)
	at java.lang.ClassLoader.loadClass(Unknown Source)
	at sun.misc.Launcher$AppClassLoader.loadClass(Unknown Source)
	at java.lang.ClassLoader.loadClass(Unknown Source)
	... 34 more
... Removed 25 stack frames]]>
    </failure>
  </testcase> <!-- readexcellfile -->
  <testcase name="verifyuser" time="0.173" classname="testNG.NewTest"/>
  <testcase name="adduserbutton" time="0.287" classname="testNG.NewTest"/>
  <testcase name="addusers" time="0.024" classname="testNG.NewTest">
    <skipped/>
  </testcase> <!-- addusers -->
</testsuite> <!-- Command line test -->
