<?xml version="1.0" encoding="UTF-8"?>
<testng-results skipped="0" failed="0" ignored="0" total="6" passed="6">
  <reporter-output>
  </reporter-output>
  <suite name="Suite" duration-ms="35802" started-at="2018-11-22T13:48:46Z" finished-at="2018-11-22T13:49:22Z">
    <groups>
    </groups>
    <test name="Default test" duration-ms="35802" started-at="2018-11-22T13:48:46Z" finished-at="2018-11-22T13:49:22Z">
      <class name="Task2.Task2">
        <test-method status="PASS" signature="setup()[pri:0, instance:Task2.Task2@7c0f28f8]" name="setup" is-config="true" duration-ms="41" started-at="2018-11-22T13:48:46Z" finished-at="2018-11-22T13:48:46Z">
          <reporter-output>
          </reporter-output>
        </test-method> <!-- setup -->
        <test-method status="PASS" signature="openbrowser()[pri:0, instance:Task2.Task2@7c0f28f8]" name="openbrowser" duration-ms="20335" started-at="2018-11-22T13:48:46Z" finished-at="2018-11-22T13:49:06Z">
          <reporter-output>
          </reporter-output>
        </test-method> <!-- openbrowser -->
        <test-method status="PASS" signature="verifyuser()[pri:1, instance:Task2.Task2@7c0f28f8]" name="verifyuser" duration-ms="2396" started-at="2018-11-22T13:49:06Z" finished-at="2018-11-22T13:49:09Z">
          <reporter-output>
          </reporter-output>
        </test-method> <!-- verifyuser -->
        <test-method status="PASS" signature="adduserbutton()[pri:2, instance:Task2.Task2@7c0f28f8]" name="adduserbutton" duration-ms="460" started-at="2018-11-22T13:49:09Z" finished-at="2018-11-22T13:49:09Z">
          <reporter-output>
          </reporter-output>
        </test-method> <!-- adduserbutton -->
        <test-method status="PASS" signature="adduser(java.lang.String, java.lang.String, java.lang.String, java.lang.String, java.lang.String, java.lang.String, java.lang.String)[pri:3, instance:Task2.Task2@7c0f28f8]" name="adduser" duration-ms="3364" started-at="2018-11-22T13:49:15Z" data-provider="exceldatareader" finished-at="2018-11-22T13:49:18Z">
          <params>
            <param index="0">
              <value>
                <![CDATA[Fname1]]>
              </value>
            </param>
            <param index="1">
              <value>
                <![CDATA[Lname1]]>
              </value>
            </param>
            <param index="2">
              <value>
                <![CDATA[User1]]>
              </value>
            </param>
            <param index="3">
              <value>
                <![CDATA[Pass1]]>
              </value>
            </param>
            <param index="4">
              <value>
                <![CDATA[admin@mail.com]]>
              </value>
            </param>
            <param index="5">
              <value>
                <![CDATA[082555]]>
              </value>
            </param>
            <param index="6">
              <value>
                <![CDATA[Admin]]>
              </value>
            </param>
          </params>
          <reporter-output>
          </reporter-output>
        </test-method> <!-- adduser -->
        <test-method status="PASS" signature="adduser(java.lang.String, java.lang.String, java.lang.String, java.lang.String, java.lang.String, java.lang.String, java.lang.String)[pri:3, instance:Task2.Task2@7c0f28f8]" name="adduser" duration-ms="2783" started-at="2018-11-22T13:49:18Z" data-provider="exceldatareader" finished-at="2018-11-22T13:49:21Z">
          <params>
            <param index="0">
              <value>
                <![CDATA[Fname2]]>
              </value>
            </param>
            <param index="1">
              <value>
                <![CDATA[Lname2]]>
              </value>
            </param>
            <param index="2">
              <value>
                <![CDATA[User2]]>
              </value>
            </param>
            <param index="3">
              <value>
                <![CDATA[Pass2]]>
              </value>
            </param>
            <param index="4">
              <value>
                <![CDATA[customer@mail.com]]>
              </value>
            </param>
            <param index="5">
              <value>
                <![CDATA[083444]]>
              </value>
            </param>
            <param index="6">
              <value>
                <![CDATA[Customer]]>
              </value>
            </param>
          </params>
          <reporter-output>
          </reporter-output>
        </test-method> <!-- adduser -->
        <test-method status="PASS" signature="closeadduserbutton()[pri:4, instance:Task2.Task2@7c0f28f8]" name="closeadduserbutton" duration-ms="152" started-at="2018-11-22T13:49:21Z" finished-at="2018-11-22T13:49:21Z">
          <reporter-output>
          </reporter-output>
        </test-method> <!-- closeadduserbutton -->
        <test-method status="PASS" signature="closebrowser()[pri:0, instance:Task2.Task2@7c0f28f8]" name="closebrowser" is-config="true" duration-ms="379" started-at="2018-11-22T13:49:21Z" finished-at="2018-11-22T13:49:22Z">
          <reporter-output>
          </reporter-output>
        </test-method> <!-- closebrowser -->
      </class> <!-- Task2.Task2 -->
    </test> <!-- Default test -->
  </suite> <!-- Suite -->
</testng-results>
