<?xml version="1.0" encoding="UTF-8"?>
<!-- Generated by org.testng.reporters.JUnitXMLReporter -->
<testsuite hostname="DESKTOP-ACV19GE" ignored="0" name="Default test" tests="6" failures="0" timestamp="22 Nov 2018 13:49:22 GMT" time="35.802" errors="0">
  <testcase name="openbrowser" time="20.335" classname="Task2.Task2"/>
  <testcase name="verifyuser" time="2.396" classname="Task2.Task2"/>
  <testcase name="adduserbutton" time="0.46" classname="Task2.Task2"/>
  <testcase name="adduser" time="3.364" classname="Task2.Task2"/>
  <testcase name="adduser" time="2.783" classname="Task2.Task2"/>
  <testcase name="closeadduserbutton" time="0.152" classname="Task2.Task2"/>
</testsuite> <!-- Default test -->
