<?xml version="1.0" encoding="UTF-8"?>
<!-- Generated by org.testng.reporters.JUnitXMLReporter -->
<testsuite hostname="DESKTOP-ACV19GE" ignored="0" name="Test" tests="1" failures="1" timestamp="15 Nov 2018 08:01:43 GMT" time="31.511" errors="0">
  <testcase name="f" time="17.797" classname="testNG.NewTest">
    <failure type="java.lang.AssertionError" message="expected [true] but found [false]">
      <![CDATA[java.lang.AssertionError: expected [true] but found [false]
at testNG.NewTest.f(NewTest.java:22)
... Removed 29 stack frames]]>
    </failure>
  </testcase> <!-- f -->
</testsuite> <!-- Test -->
